2025-08-15 00:06:51,922 - INFO - Starting feature extraction process...
2025-08-15 00:06:51,923 - INFO - Input data shape: (1000, 22)
2025-08-15 00:06:51,925 - INFO - Identified 18 numeric sensor columns: ['ActivePower', 'AmbientTemperatue', 'BearingShaftTemperature', 'Blade1PitchAngle', 'Blade2PitchAngle', 'Blade3PitchAngle', 'ControlBoxTemperature', 'GearboxBearingTemperature', 'GearboxOilTemperature', 'GeneratorRPM', 'GeneratorWinding1Temperature', 'GeneratorWinding2Temperature', 'HubTemperature', 'MainBoxTemperature', 'NacellePosition', 'ReactivePower', 'RotorRPM', 'WindSpeed']
2025-08-15 00:06:51,925 - INFO - Step 1/5: Creating rolling features...
2025-08-15 00:06:51,926 - INFO - Creating rolling features for 18 sensors...
2025-08-15 00:06:51,927 - INFO - Processing sensor: ActivePower
2025-08-15 00:06:51,956 - INFO - Processing sensor: AmbientTemperatue
2025-08-15 00:06:51,976 - INFO - Processing sensor: BearingShaftTemperature
2025-08-15 00:06:51,996 - INFO - Processing sensor: Blade1PitchAngle
2025-08-15 00:06:52,014 - INFO - Processing sensor: Blade2PitchAngle
2025-08-15 00:06:52,032 - INFO - Processing sensor: Blade3PitchAngle
2025-08-15 00:06:52,059 - INFO - Processing sensor: ControlBoxTemperature
2025-08-15 00:06:52,086 - INFO - Processing sensor: GearboxBearingTemperature
2025-08-15 00:06:52,115 - INFO - Processing sensor: GearboxOilTemperature
2025-08-15 00:06:52,145 - INFO - Processing sensor: GeneratorRPM
2025-08-15 00:06:52,174 - INFO - Processing sensor: GeneratorWinding1Temperature
2025-08-15 00:06:52,208 - INFO - Processing sensor: GeneratorWinding2Temperature
2025-08-15 00:06:52,245 - INFO - Processing sensor: HubTemperature
2025-08-15 00:06:52,308 - INFO - Processing sensor: MainBoxTemperature
2025-08-15 00:06:52,344 - INFO - Processing sensor: NacellePosition
2025-08-15 00:06:52,382 - INFO - Processing sensor: ReactivePower
2025-08-15 00:06:52,425 - INFO - Processing sensor: RotorRPM
2025-08-15 00:06:52,462 - INFO - Processing sensor: WindSpeed
2025-08-15 00:06:52,502 - INFO - Rolling features created. New shape: (1000, 346)
2025-08-15 00:06:52,503 - INFO - Step 2/5: Creating temporal features...
2025-08-15 00:06:52,503 - INFO - Creating temporal features...
2025-08-15 00:06:52,642 - INFO - Temporal features created. New shape: (1000, 436)
2025-08-15 00:06:52,642 - INFO - Step 3/5: Adding power curve residuals...
2025-08-15 00:06:52,643 - INFO - Adding power curve residuals...
2025-08-15 00:06:52,643 - INFO - Fitting power curve with polynomial degree 3...
2025-08-15 00:06:52,674 - INFO - Power curve fitted successfully. R² score: 0.9904
2025-08-15 00:06:52,674 - INFO - Model coefficients: [-79.73728260371384, 16.186403567004998, 1.5438118280283142]
2025-08-15 00:06:52,682 - INFO - Power curve residuals added successfully
2025-08-15 00:06:52,682 - INFO - Step 4/5: Creating statistical features...
2025-08-15 00:06:52,683 - INFO - Creating statistical features...
2025-08-15 00:06:52,829 - INFO - Statistical features created. New shape: (1000, 513)
2025-08-15 00:06:52,829 - INFO - Step 5/5: Aligning features with RUL...
2025-08-15 00:06:52,831 - INFO - Feature extraction completed! Created 491 new features
2025-08-15 00:06:52,831 - INFO - Final feature dataframe shape: (1000, 513)
2025-08-15 00:06:53,450 - INFO - Features saved to: data/features_sample.parquet
2025-08-15 00:06:53,451 - INFO - Features file size: 1.06 MB
2025-08-15 00:06:53,451 - INFO - Feature extraction summary:
2025-08-15 00:06:53,452 - INFO - - Original columns: 22
2025-08-15 00:06:53,452 - INFO - - New features created: 491
2025-08-15 00:06:53,452 - INFO - - Total columns: 513
2025-08-15 00:06:53,452 - INFO - - Total rows: 1000
2025-08-15 00:06:53,452 - INFO - - Power curve R² score: 0.9904
2025-08-15 18:16:04,851 - INFO - Loading models...
2025-08-15 18:16:04,852 - WARNING - XGBoost model not found at: J:\PROJECTS\RLU\Wind_Turbine_rul\models\rul_xgb.json
2025-08-15 18:16:04,852 - WARNING - GRU model or scaler not found.
2025-08-15 18:16:10,966 - INFO - Loading models...
2025-08-15 18:16:10,967 - WARNING - XGBoost model not found at: J:\PROJECTS\RLU\Wind_Turbine_rul\models\rul_xgb.json
2025-08-15 18:16:10,967 - WARNING - GRU model or scaler not found.
2025-08-15 18:17:36,588 - INFO - Loading models...
2025-08-15 18:17:36,589 - WARNING - XGBoost model not found at: J:\PROJECTS\RLU\Wind_Turbine_rul\models\rul_xgb.json
2025-08-15 18:17:36,589 - WARNING - GRU model or scaler not found.
2025-08-15 18:18:50,707 - INFO - Loading models...
2025-08-15 18:18:50,707 - WARNING - XGBoost model not found at: J:\PROJECTS\RLU\Wind_Turbine_rul\models\rul_xgb.json
2025-08-15 18:18:50,708 - WARNING - GRU model or scaler not found.
2025-08-15 18:21:52,998 - INFO - Loading models...
2025-08-15 18:21:52,999 - WARNING - XGBoost model not found at: J:\PROJECTS\RLU\Wind_Turbine_rul\models\rul_xgb.json
2025-08-15 18:21:52,999 - WARNING - GRU model or scaler not found.
2025-08-15 18:26:58,122 - INFO - Loading models...
2025-08-15 18:26:58,124 - WARNING - XGBoost model not found at: J:\PROJECTS\RLU\Wind_Turbine_rul\models\rul_xgb.json
2025-08-15 18:26:58,125 - WARNING - GRU model or scaler not found.
2025-08-15 18:28:04,000 - INFO - Loading models...
2025-08-15 18:28:04,000 - WARNING - XGBoost model not found at: J:\PROJECTS\RLU\Wind_Turbine_rul\models\rul_xgb.json
2025-08-15 18:28:04,001 - WARNING - GRU model or scaler not found.
2025-08-15 18:28:13,133 - INFO - Loading models...
2025-08-15 18:28:13,134 - WARNING - XGBoost model not found at: J:\PROJECTS\RLU\Wind_Turbine_rul\models\rul_xgb.json
2025-08-15 18:28:13,134 - WARNING - GRU model or scaler not found.
2025-08-15 18:28:22,180 - INFO - Loading models...
2025-08-15 18:28:22,181 - WARNING - XGBoost model not found at: J:\PROJECTS\RLU\Wind_Turbine_rul\models\rul_xgb.json
2025-08-15 18:28:22,183 - WARNING - GRU model or scaler not found.
2025-08-15 18:28:29,326 - INFO - Loading models...
2025-08-15 18:28:29,327 - WARNING - XGBoost model not found at: J:\PROJECTS\RLU\Wind_Turbine_rul\models\rul_xgb.json
2025-08-15 18:28:29,328 - WARNING - GRU model or scaler not found.
2025-08-15 18:28:48,847 - INFO - Loading models...
2025-08-15 18:28:48,848 - WARNING - XGBoost model not found at: J:\PROJECTS\RLU\Wind_Turbine_rul\models\rul_xgb.json
2025-08-15 18:28:48,849 - WARNING - GRU model or scaler not found.
2025-08-15 18:29:05,935 - INFO - Loading models...
2025-08-15 18:29:05,935 - WARNING - XGBoost model not found at: J:\PROJECTS\RLU\Wind_Turbine_rul\models\rul_xgb.json
2025-08-15 18:29:05,936 - WARNING - GRU model or scaler not found.
2025-08-15 18:29:13,986 - INFO - Loading models...
2025-08-15 18:29:13,987 - WARNING - XGBoost model not found at: J:\PROJECTS\RLU\Wind_Turbine_rul\models\rul_xgb.json
2025-08-15 18:29:13,987 - WARNING - GRU model or scaler not found.
2025-08-15 18:31:34,790 - INFO - Loading models...
2025-08-15 18:31:34,791 - WARNING - XGBoost model not found at: J:\PROJECTS\RLU\Wind_Turbine_rul\models\rul_xgb.json
2025-08-15 18:31:34,791 - WARNING - GRU model or scaler not found.
2025-08-15 18:37:23,732 - INFO - Loading models...
2025-08-15 18:37:23,776 - WARNING - XGBoost model not found at: J:\PROJECTS\RLU\Wind_Turbine_rul\models\rul_xgb.json
2025-08-15 18:37:23,801 - WARNING - GRU model or scaler not found.
2025-08-15 18:37:56,872 - INFO - Loading models...
2025-08-15 18:37:56,874 - WARNING - XGBoost model not found at: J:\PROJECTS\RLU\Wind_Turbine_rul\models\rul_xgb.json
2025-08-15 18:37:56,874 - WARNING - GRU model or scaler not found.
2025-08-15 18:38:18,895 - INFO - Loading models...
2025-08-15 18:38:18,896 - WARNING - XGBoost model not found at: J:\PROJECTS\RLU\Wind_Turbine_rul\models\rul_xgb.json
2025-08-15 18:38:18,897 - WARNING - GRU model or scaler not found.
2025-08-17 17:07:38,142 - INFO - Loading models...
2025-08-17 17:07:38,302 - INFO - XGBoost model loaded.
2025-08-17 17:08:13,622 - INFO - Loading models...
2025-08-17 17:08:13,744 - INFO - XGBoost model loaded.
2025-08-17 17:12:09,892 - INFO - Loading models...
2025-08-17 17:12:10,045 - INFO - XGBoost model loaded.
2025-08-17 17:12:16,038 - INFO - Loading models...
2025-08-17 17:12:16,123 - INFO - XGBoost model loaded.
2025-08-17 19:21:36,855 - INFO - Loading models...
2025-08-17 19:21:36,974 - INFO - XGBoost model loaded.
2025-08-17 19:29:51,747 - INFO - Loading models...
2025-08-17 19:29:51,795 - INFO - XGBoost model loaded.
2025-08-17 19:35:47,353 - INFO - Loading models...
2025-08-17 19:35:47,405 - INFO - XGBoost model loaded.
2025-08-17 19:37:43,780 - INFO - Loading models...
2025-08-17 19:37:43,799 - INFO - Loading models...
2025-08-17 19:37:43,841 - INFO - XGBoost model loaded.
2025-08-17 19:37:43,861 - INFO - XGBoost model loaded.
2025-08-17 19:37:51,230 - INFO - Loading models...
2025-08-17 19:37:51,301 - INFO - Loading models...
2025-08-17 19:37:51,337 - INFO - XGBoost model loaded.
2025-08-17 19:37:51,415 - INFO - XGBoost model loaded.
2025-08-17 19:37:58,771 - INFO - Loading models...
2025-08-17 19:37:58,806 - INFO - Loading models...
2025-08-17 19:37:58,888 - INFO - XGBoost model loaded.
2025-08-17 19:37:58,937 - INFO - XGBoost model loaded.
2025-08-17 19:37:58,939 - INFO - GRU model and scaler loaded.
2025-08-17 19:37:58,979 - INFO - GRU model and scaler loaded.
2025-08-17 20:13:07,896 - INFO - Loading models...
2025-08-17 20:13:07,976 - INFO - XGBoost model loaded.
2025-08-17 20:13:08,035 - INFO - GRU model and scaler loaded.
2025-08-17 20:16:37,436 - INFO - Loading models...
2025-08-17 20:16:37,499 - INFO - XGBoost model loaded.
2025-08-17 20:16:37,538 - INFO - GRU model and scaler loaded.
